<?xml version="1.0" encoding="UTF-8"?>
<testsuite xmlns:xsi="http://www.w3.org/2001/XMLSchema-instance" xsi:noNamespaceSchemaLocation="https://maven.apache.org/surefire/maven-surefire-plugin/xsd/surefire-test-report.xsd" name="com.boracompany.airplanes.AppTest" time="0.011" tests="1" errors="0" skipped="0" failures="0">
  <properties>
    <property name="java.specification.version" value="17"/>
    <property name="sun.jnu.encoding" value="UTF-8"/>
    <property name="java.class.path" value="/home/boraarseven/bora-2025-workspace/airplanes/target/test-classes:/home/boraarseven/bora-2025-workspace/airplanes/target/classes:/home/boraarseven/.m2/repository/org/sonarsource/scanner/maven/sonar-maven-plugin/5.0.0.4389/sonar-maven-plugin-5.0.0.4389.jar:/home/boraarseven/.m2/repository/org/sonatype/plexus/plexus-sec-dispatcher/1.4/plexus-sec-dispatcher-1.4.jar:/home/boraarseven/.m2/repository/org/sonatype/plexus/plexus-cipher/1.4/plexus-cipher-1.4.jar:/home/boraarseven/.m2/repository/org/sonarsource/scanner/lib/sonar-scanner-java-library/3.1.1.261/sonar-scanner-java-library-3.1.1.261.jar:/home/boraarseven/.m2/repository/com/squareup/okhttp3/okhttp/4.12.0/okhttp-4.12.0.jar:/home/boraarseven/.m2/repository/com/squareup/okio/okio/3.6.0/okio-3.6.0.jar:/home/boraarseven/.m2/repository/com/squareup/okio/okio-jvm/3.6.0/okio-jvm-3.6.0.jar:/home/boraarseven/.m2/repository/org/jetbrains/kotlin/kotlin-stdlib-common/1.9.10/kotlin-stdlib-common-1.9.10.jar:/home/boraarseven/.m2/repository/org/jetbrains/kotlin/kotlin-stdlib-jdk8/1.8.21/kotlin-stdlib-jdk8-1.8.21.jar:/home/boraarseven/.m2/repository/org/jetbrains/kotlin/kotlin-stdlib/1.8.21/kotlin-stdlib-1.8.21.jar:/home/boraarseven/.m2/repository/org/jetbrains/kotlin/kotlin-stdlib-jdk7/1.8.21/kotlin-stdlib-jdk7-1.8.21.jar:/home/boraarseven/.m2/repository/com/squareup/okhttp3/okhttp-urlconnection/4.12.0/okhttp-urlconnection-4.12.0.jar:/home/boraarseven/.m2/repository/com/squareup/okhttp3/logging-interceptor/4.12.0/logging-interceptor-4.12.0.jar:/home/boraarseven/.m2/repository/com/google/code/gson/gson/2.11.0/gson-2.11.0.jar:/home/boraarseven/.m2/repository/com/google/errorprone/error_prone_annotations/2.27.0/error_prone_annotations-2.27.0.jar:/home/boraarseven/.m2/repository/org/sonarsource/scanner/lib/sonar-scanner-java-library-batch-interface/3.1.1.261/sonar-scanner-java-library-batch-interface-3.1.1.261.jar:/home/boraarseven/.m2/repository/io/github/hakky54/sslcontext-kickstart/8.3.6/sslcontext-kickstart-8.3.6.jar:/home/boraarseven/.m2/repository/org/bouncycastle/bcprov-jdk18on/1.78.1/bcprov-jdk18on-1.78.1.jar:/home/boraarseven/.m2/repository/org/apache/commons/commons-lang3/3.14.0/commons-lang3-3.14.0.jar:/home/boraarseven/.m2/repository/org/slf4j/slf4j-api/2.0.16/slf4j-api-2.0.16.jar:/home/boraarseven/.m2/repository/org/mockito/mockito-inline/4.8.0/mockito-inline-4.8.0.jar:/home/boraarseven/.m2/repository/com/zaxxer/HikariCP/5.0.1/HikariCP-5.0.1.jar:/home/boraarseven/.m2/repository/junit/junit/4.13.2/junit-4.13.2.jar:/home/boraarseven/.m2/repository/org/hamcrest/hamcrest-core/1.3/hamcrest-core-1.3.jar:/home/boraarseven/.m2/repository/info/picocli/picocli/4.7.6/picocli-4.7.6.jar:/home/boraarseven/.m2/repository/org/assertj/assertj-swing-junit/3.17.1/assertj-swing-junit-3.17.1.jar:/home/boraarseven/.m2/repository/org/assertj/assertj-swing/3.17.1/assertj-swing-3.17.1.jar:/home/boraarseven/.m2/repository/org/easytesting/fest-util/1.2.5/fest-util-1.2.5.jar:/home/boraarseven/.m2/repository/org/easytesting/fest-reflect/1.4.1/fest-reflect-1.4.1.jar:/home/boraarseven/.m2/repository/org/assertj/assertj-core/3.26.3/assertj-core-3.26.3.jar:/home/boraarseven/.m2/repository/net/bytebuddy/byte-buddy/1.14.18/byte-buddy-1.14.18.jar:/home/boraarseven/.m2/repository/org/mockito/mockito-core/4.4.0/mockito-core-4.4.0.jar:/home/boraarseven/.m2/repository/net/bytebuddy/byte-buddy-agent/1.12.8/byte-buddy-agent-1.12.8.jar:/home/boraarseven/.m2/repository/org/objenesis/objenesis/3.2/objenesis-3.2.jar:/home/boraarseven/.m2/repository/de/bwaldvogel/mongo-java-server/1.39.0/mongo-java-server-1.39.0.jar:/home/boraarseven/.m2/repository/de/bwaldvogel/mongo-java-server-core/1.39.0/mongo-java-server-core-1.39.0.jar:/home/boraarseven/.m2/repository/io/netty/netty-transport/4.1.70.Final/netty-transport-4.1.70.Final.jar:/home/boraarseven/.m2/repository/io/netty/netty-common/4.1.70.Final/netty-common-4.1.70.Final.jar:/home/boraarseven/.m2/repository/io/netty/netty-buffer/4.1.70.Final/netty-buffer-4.1.70.Final.jar:/home/boraarseven/.m2/repository/io/netty/netty-resolver/4.1.70.Final/netty-resolver-4.1.70.Final.jar:/home/boraarseven/.m2/repository/io/netty/netty-codec/4.1.70.Final/netty-codec-4.1.70.Final.jar:/home/boraarseven/.m2/repository/io/netty/netty-handler/4.1.70.Final/netty-handler-4.1.70.Final.jar:/home/boraarseven/.m2/repository/de/bwaldvogel/mongo-java-server-memory-backend/1.39.0/mongo-java-server-memory-backend-1.39.0.jar:/home/boraarseven/.m2/repository/org/testcontainers/testcontainers/1.19.3/testcontainers-1.19.3.jar:/home/boraarseven/.m2/repository/org/apache/commons/commons-compress/1.24.0/commons-compress-1.24.0.jar:/home/boraarseven/.m2/repository/org/rnorth/duct-tape/duct-tape/1.0.8/duct-tape-1.0.8.jar:/home/boraarseven/.m2/repository/org/jetbrains/annotations/17.0.0/annotations-17.0.0.jar:/home/boraarseven/.m2/repository/com/github/docker-java/docker-java-api/3.3.4/docker-java-api-3.3.4.jar:/home/boraarseven/.m2/repository/com/fasterxml/jackson/core/jackson-annotations/2.10.3/jackson-annotations-2.10.3.jar:/home/boraarseven/.m2/repository/com/github/docker-java/docker-java-transport-zerodep/3.3.4/docker-java-transport-zerodep-3.3.4.jar:/home/boraarseven/.m2/repository/com/github/docker-java/docker-java-transport/3.3.4/docker-java-transport-3.3.4.jar:/home/boraarseven/.m2/repository/net/java/dev/jna/jna/5.13.0/jna-5.13.0.jar:/home/boraarseven/.m2/repository/org/testcontainers/junit-jupiter/1.19.3/junit-jupiter-1.19.3.jar:/home/boraarseven/.m2/repository/org/junit/jupiter/junit-jupiter-params/5.7.0/junit-jupiter-params-5.7.0.jar:/home/boraarseven/.m2/repository/org/apiguardian/apiguardian-api/1.1.0/apiguardian-api-1.1.0.jar:/home/boraarseven/.m2/repository/org/junit/vintage/junit-vintage-engine/5.11.0/junit-vintage-engine-5.11.0.jar:/home/boraarseven/.m2/repository/org/junit/platform/junit-platform-engine/1.11.0/junit-platform-engine-1.11.0.jar:/home/boraarseven/.m2/repository/org/testcontainers/postgresql/1.19.3/postgresql-1.19.3.jar:/home/boraarseven/.m2/repository/org/testcontainers/jdbc/1.19.3/jdbc-1.19.3.jar:/home/boraarseven/.m2/repository/org/testcontainers/database-commons/1.19.3/database-commons-1.19.3.jar:/home/boraarseven/.m2/repository/org/junit/jupiter/junit-jupiter-api/5.7.0/junit-jupiter-api-5.7.0.jar:/home/boraarseven/.m2/repository/org/opentest4j/opentest4j/1.2.0/opentest4j-1.2.0.jar:/home/boraarseven/.m2/repository/org/junit/platform/junit-platform-commons/1.7.0/junit-platform-commons-1.7.0.jar:/home/boraarseven/.m2/repository/org/junit/jupiter/junit-jupiter-engine/5.7.0/junit-jupiter-engine-5.7.0.jar:/home/boraarseven/.m2/repository/com/dkanejs/maven/plugins/docker-compose-maven-plugin/4.0.0/docker-compose-maven-plugin-4.0.0.jar:/home/boraarseven/.m2/repository/org/apache/maven/maven-plugin-api/3.6.3/maven-plugin-api-3.6.3.jar:/home/boraarseven/.m2/repository/org/apache/maven/maven-model/3.6.3/maven-model-3.6.3.jar:/home/boraarseven/.m2/repository/org/apache/maven/maven-artifact/3.6.3/maven-artifact-3.6.3.jar:/home/boraarseven/.m2/repository/org/eclipse/sisu/org.eclipse.sisu.plexus/0.3.4/org.eclipse.sisu.plexus-0.3.4.jar:/home/boraarseven/.m2/repository/javax/enterprise/cdi-api/1.0/cdi-api-1.0.jar:/home/boraarseven/.m2/repository/javax/annotation/jsr250-api/1.0/jsr250-api-1.0.jar:/home/boraarseven/.m2/repository/javax/inject/javax.inject/1/javax.inject-1.jar:/home/boraarseven/.m2/repository/org/eclipse/sisu/org.eclipse.sisu.inject/0.3.4/org.eclipse.sisu.inject-0.3.4.jar:/home/boraarseven/.m2/repository/org/codehaus/plexus/plexus-component-annotations/1.5.5/plexus-component-annotations-1.5.5.jar:/home/boraarseven/.m2/repository/org/codehaus/plexus/plexus-classworlds/2.6.0/plexus-classworlds-2.6.0.jar:/home/boraarseven/.m2/repository/org/codehaus/plexus/plexus-utils/3.3.0/plexus-utils-3.3.0.jar:/home/boraarseven/.m2/repository/org/apache/logging/log4j/log4j-api/2.23.1/log4j-api-2.23.1.jar:/home/boraarseven/.m2/repository/org/apache/logging/log4j/log4j-core/2.23.1/log4j-core-2.23.1.jar:/home/boraarseven/.m2/repository/org/pitest/pitest-junit5-plugin/1.2.1/pitest-junit5-plugin-1.2.1.jar:/home/boraarseven/.m2/repository/org/junit/platform/junit-platform-launcher/1.9.2/junit-platform-launcher-1.9.2.jar:"/>
    <property name="java.vm.vendor" value="Oracle Corporation"/>
    <property name="sun.arch.data.model" value="64"/>
    <property name="java.vendor.url" value="https://java.oracle.com/"/>
    <property name="os.name" value="Linux"/>
    <property name="java.vm.specification.version" value="17"/>
    <property name="sun.java.launcher" value="SUN_STANDARD"/>
    <property name="user.country" value="US"/>
    <property name="sun.boot.library.path" value="/home/boraarseven/.sdkman/candidates/java/17.0.11-oracle/lib"/>
    <property name="sun.java.command" value="/home/boraarseven/bora-2025-workspace/airplanes/target/surefire/surefirebooter13918086374151828079.jar /home/boraarseven/bora-2025-workspace/airplanes/target/surefire 2025-10-08T14-21-53_023-jvmRun1 surefire7984389229503454856tmp surefire_014857559130395737651tmp"/>
    <property name="jdk.debug" value="release"/>
    <property name="surefire.test.class.path" value="/home/boraarseven/bora-2025-workspace/airplanes/target/test-classes:/home/boraarseven/bora-2025-workspace/airplanes/target/classes:/home/boraarseven/.m2/repository/org/sonarsource/scanner/maven/sonar-maven-plugin/5.0.0.4389/sonar-maven-plugin-5.0.0.4389.jar:/home/boraarseven/.m2/repository/org/sonatype/plexus/plexus-sec-dispatcher/1.4/plexus-sec-dispatcher-1.4.jar:/home/boraarseven/.m2/repository/org/sonatype/plexus/plexus-cipher/1.4/plexus-cipher-1.4.jar:/home/boraarseven/.m2/repository/org/sonarsource/scanner/lib/sonar-scanner-java-library/3.1.1.261/sonar-scanner-java-library-3.1.1.261.jar:/home/boraarseven/.m2/repository/com/squareup/okhttp3/okhttp/4.12.0/okhttp-4.12.0.jar:/home/boraarseven/.m2/repository/com/squareup/okio/okio/3.6.0/okio-3.6.0.jar:/home/boraarseven/.m2/repository/com/squareup/okio/okio-jvm/3.6.0/okio-jvm-3.6.0.jar:/home/boraarseven/.m2/repository/org/jetbrains/kotlin/kotlin-stdlib-common/1.9.10/kotlin-stdlib-common-1.9.10.jar:/home/boraarseven/.m2/repository/org/jetbrains/kotlin/kotlin-stdlib-jdk8/1.8.21/kotlin-stdlib-jdk8-1.8.21.jar:/home/boraarseven/.m2/repository/org/jetbrains/kotlin/kotlin-stdlib/1.8.21/kotlin-stdlib-1.8.21.jar:/home/boraarseven/.m2/repository/org/jetbrains/kotlin/kotlin-stdlib-jdk7/1.8.21/kotlin-stdlib-jdk7-1.8.21.jar:/home/boraarseven/.m2/repository/com/squareup/okhttp3/okhttp-urlconnection/4.12.0/okhttp-urlconnection-4.12.0.jar:/home/boraarseven/.m2/repository/com/squareup/okhttp3/logging-interceptor/4.12.0/logging-interceptor-4.12.0.jar:/home/boraarseven/.m2/repository/com/google/code/gson/gson/2.11.0/gson-2.11.0.jar:/home/boraarseven/.m2/repository/com/google/errorprone/error_prone_annotations/2.27.0/error_prone_annotations-2.27.0.jar:/home/boraarseven/.m2/repository/org/sonarsource/scanner/lib/sonar-scanner-java-library-batch-interface/3.1.1.261/sonar-scanner-java-library-batch-interface-3.1.1.261.jar:/home/boraarseven/.m2/repository/io/github/hakky54/sslcontext-kickstart/8.3.6/sslcontext-kickstart-8.3.6.jar:/home/boraarseven/.m2/repository/org/bouncycastle/bcprov-jdk18on/1.78.1/bcprov-jdk18on-1.78.1.jar:/home/boraarseven/.m2/repository/org/apache/commons/commons-lang3/3.14.0/commons-lang3-3.14.0.jar:/home/boraarseven/.m2/repository/org/slf4j/slf4j-api/2.0.16/slf4j-api-2.0.16.jar:/home/boraarseven/.m2/repository/org/mockito/mockito-inline/4.8.0/mockito-inline-4.8.0.jar:/home/boraarseven/.m2/repository/com/zaxxer/HikariCP/5.0.1/HikariCP-5.0.1.jar:/home/boraarseven/.m2/repository/junit/junit/4.13.2/junit-4.13.2.jar:/home/boraarseven/.m2/repository/org/hamcrest/hamcrest-core/1.3/hamcrest-core-1.3.jar:/home/boraarseven/.m2/repository/info/picocli/picocli/4.7.6/picocli-4.7.6.jar:/home/boraarseven/.m2/repository/org/assertj/assertj-swing-junit/3.17.1/assertj-swing-junit-3.17.1.jar:/home/boraarseven/.m2/repository/org/assertj/assertj-swing/3.17.1/assertj-swing-3.17.1.jar:/home/boraarseven/.m2/repository/org/easytesting/fest-util/1.2.5/fest-util-1.2.5.jar:/home/boraarseven/.m2/repository/org/easytesting/fest-reflect/1.4.1/fest-reflect-1.4.1.jar:/home/boraarseven/.m2/repository/org/assertj/assertj-core/3.26.3/assertj-core-3.26.3.jar:/home/boraarseven/.m2/repository/net/bytebuddy/byte-buddy/1.14.18/byte-buddy-1.14.18.jar:/home/boraarseven/.m2/repository/org/mockito/mockito-core/4.4.0/mockito-core-4.4.0.jar:/home/boraarseven/.m2/repository/net/bytebuddy/byte-buddy-agent/1.12.8/byte-buddy-agent-1.12.8.jar:/home/boraarseven/.m2/repository/org/objenesis/objenesis/3.2/objenesis-3.2.jar:/home/boraarseven/.m2/repository/de/bwaldvogel/mongo-java-server/1.39.0/mongo-java-server-1.39.0.jar:/home/boraarseven/.m2/repository/de/bwaldvogel/mongo-java-server-core/1.39.0/mongo-java-server-core-1.39.0.jar:/home/boraarseven/.m2/repository/io/netty/netty-transport/4.1.70.Final/netty-transport-4.1.70.Final.jar:/home/boraarseven/.m2/repository/io/netty/netty-common/4.1.70.Final/netty-common-4.1.70.Final.jar:/home/boraarseven/.m2/repository/io/netty/netty-buffer/4.1.70.Final/netty-buffer-4.1.70.Final.jar:/home/boraarseven/.m2/repository/io/netty/netty-resolver/4.1.70.Final/netty-resolver-4.1.70.Final.jar:/home/boraarseven/.m2/repository/io/netty/netty-codec/4.1.70.Final/netty-codec-4.1.70.Final.jar:/home/boraarseven/.m2/repository/io/netty/netty-handler/4.1.70.Final/netty-handler-4.1.70.Final.jar:/home/boraarseven/.m2/repository/de/bwaldvogel/mongo-java-server-memory-backend/1.39.0/mongo-java-server-memory-backend-1.39.0.jar:/home/boraarseven/.m2/repository/org/testcontainers/testcontainers/1.19.3/testcontainers-1.19.3.jar:/home/boraarseven/.m2/repository/org/apache/commons/commons-compress/1.24.0/commons-compress-1.24.0.jar:/home/boraarseven/.m2/repository/org/rnorth/duct-tape/duct-tape/1.0.8/duct-tape-1.0.8.jar:/home/boraarseven/.m2/repository/org/jetbrains/annotations/17.0.0/annotations-17.0.0.jar:/home/boraarseven/.m2/repository/com/github/docker-java/docker-java-api/3.3.4/docker-java-api-3.3.4.jar:/home/boraarseven/.m2/repository/com/fasterxml/jackson/core/jackson-annotations/2.10.3/jackson-annotations-2.10.3.jar:/home/boraarseven/.m2/repository/com/github/docker-java/docker-java-transport-zerodep/3.3.4/docker-java-transport-zerodep-3.3.4.jar:/home/boraarseven/.m2/repository/com/github/docker-java/docker-java-transport/3.3.4/docker-java-transport-3.3.4.jar:/home/boraarseven/.m2/repository/net/java/dev/jna/jna/5.13.0/jna-5.13.0.jar:/home/boraarseven/.m2/repository/org/testcontainers/junit-jupiter/1.19.3/junit-jupiter-1.19.3.jar:/home/boraarseven/.m2/repository/org/junit/jupiter/junit-jupiter-params/5.7.0/junit-jupiter-params-5.7.0.jar:/home/boraarseven/.m2/repository/org/apiguardian/apiguardian-api/1.1.0/apiguardian-api-1.1.0.jar:/home/boraarseven/.m2/repository/org/junit/vintage/junit-vintage-engine/5.11.0/junit-vintage-engine-5.11.0.jar:/home/boraarseven/.m2/repository/org/junit/platform/junit-platform-engine/1.11.0/junit-platform-engine-1.11.0.jar:/home/boraarseven/.m2/repository/org/testcontainers/postgresql/1.19.3/postgresql-1.19.3.jar:/home/boraarseven/.m2/repository/org/testcontainers/jdbc/1.19.3/jdbc-1.19.3.jar:/home/boraarseven/.m2/repository/org/testcontainers/database-commons/1.19.3/database-commons-1.19.3.jar:/home/boraarseven/.m2/repository/org/junit/jupiter/junit-jupiter-api/5.7.0/junit-jupiter-api-5.7.0.jar:/home/boraarseven/.m2/repository/org/opentest4j/opentest4j/1.2.0/opentest4j-1.2.0.jar:/home/boraarseven/.m2/repository/org/junit/platform/junit-platform-commons/1.7.0/junit-platform-commons-1.7.0.jar:/home/boraarseven/.m2/repository/org/junit/jupiter/junit-jupiter-engine/5.7.0/junit-jupiter-engine-5.7.0.jar:/home/boraarseven/.m2/repository/com/dkanejs/maven/plugins/docker-compose-maven-plugin/4.0.0/docker-compose-maven-plugin-4.0.0.jar:/home/boraarseven/.m2/repository/org/apache/maven/maven-plugin-api/3.6.3/maven-plugin-api-3.6.3.jar:/home/boraarseven/.m2/repository/org/apache/maven/maven-model/3.6.3/maven-model-3.6.3.jar:/home/boraarseven/.m2/repository/org/apache/maven/maven-artifact/3.6.3/maven-artifact-3.6.3.jar:/home/boraarseven/.m2/repository/org/eclipse/sisu/org.eclipse.sisu.plexus/0.3.4/org.eclipse.sisu.plexus-0.3.4.jar:/home/boraarseven/.m2/repository/javax/enterprise/cdi-api/1.0/cdi-api-1.0.jar:/home/boraarseven/.m2/repository/javax/annotation/jsr250-api/1.0/jsr250-api-1.0.jar:/home/boraarseven/.m2/repository/javax/inject/javax.inject/1/javax.inject-1.jar:/home/boraarseven/.m2/repository/org/eclipse/sisu/org.eclipse.sisu.inject/0.3.4/org.eclipse.sisu.inject-0.3.4.jar:/home/boraarseven/.m2/repository/org/codehaus/plexus/plexus-component-annotations/1.5.5/plexus-component-annotations-1.5.5.jar:/home/boraarseven/.m2/repository/org/codehaus/plexus/plexus-classworlds/2.6.0/plexus-classworlds-2.6.0.jar:/home/boraarseven/.m2/repository/org/codehaus/plexus/plexus-utils/3.3.0/plexus-utils-3.3.0.jar:/home/boraarseven/.m2/repository/org/apache/logging/log4j/log4j-api/2.23.1/log4j-api-2.23.1.jar:/home/boraarseven/.m2/repository/org/apache/logging/log4j/log4j-core/2.23.1/log4j-core-2.23.1.jar:/home/boraarseven/.m2/repository/org/pitest/pitest-junit5-plugin/1.2.1/pitest-junit5-plugin-1.2.1.jar:/home/boraarseven/.m2/repository/org/junit/platform/junit-platform-launcher/1.9.2/junit-platform-launcher-1.9.2.jar:"/>
    <property name="sun.cpu.endian" value="little"/>
    <property name="user.home" value="/home/boraarseven"/>
    <property name="user.language" value="en"/>
    <property name="java.specification.vendor" value="Oracle Corporation"/>
    <property name="java.version.date" value="2024-04-16"/>
    <property name="java.home" value="/home/boraarseven/.sdkman/candidates/java/17.0.11-oracle"/>
    <property name="file.separator" value="/"/>
    <property name="style.color" value="always"/>
    <property name="basedir" value="/home/boraarseven/bora-2025-workspace/airplanes"/>
    <property name="java.vm.compressedOopsMode" value="Zero based"/>
    <property name="line.separator" value="&#10;"/>
    <property name="java.vm.specification.vendor" value="Oracle Corporation"/>
    <property name="java.specification.name" value="Java Platform API Specification"/>
    <property name="surefire.real.class.path" value="/home/boraarseven/bora-2025-workspace/airplanes/target/surefire/surefirebooter13918086374151828079.jar"/>
    <property name="sun.management.compiler" value="HotSpot 64-Bit Tiered Compilers"/>
    <property name="java.runtime.version" value="17.0.11+7-LTS-207"/>
    <property name="user.name" value="boraarseven"/>
    <property name="path.separator" value=":"/>
    <property name="os.version" value="6.14.0-33-generic"/>
    <property name="java.runtime.name" value="Java(TM) SE Runtime Environment"/>
    <property name="file.encoding" value="UTF-8"/>
    <property name="java.vm.name" value="Java HotSpot(TM) 64-Bit Server VM"/>
    <property name="localRepository" value="/home/boraarseven/.m2/repository"/>
    <property name="java.vendor.url.bug" value="https://bugreport.java.com/bugreport/"/>
    <property name="java.io.tmpdir" value="/tmp"/>
    <property name="java.version" value="17.0.11"/>
    <property name="user.dir" value="/home/boraarseven/bora-2025-workspace/airplanes"/>
    <property name="os.arch" value="amd64"/>
    <property name="java.vm.specification.name" value="Java Virtual Machine Specification"/>
    <property name="native.encoding" value="UTF-8"/>
    <property name="java.library.path" value="/usr/java/packages/lib:/usr/lib64:/lib64:/lib:/usr/lib"/>
    <property name="java.vm.info" value="mixed mode, sharing"/>
    <property name="java.vendor" value="Oracle Corporation"/>
    <property name="java.vm.version" value="17.0.11+7-LTS-207"/>
    <property name="sun.io.unicode.encoding" value="UnicodeLittle"/>
    <property name="java.class.version" value="61.0"/>
  </properties>
  <testcase name="maintest" classname="com.boracompany.airplanes.AppTest" time="0.007"/>
</testsuite>